<?xml version="1.0" encoding="UTF-8"?>
<!-- Generated by org.testng.reporters.JUnitReportReporter -->
<testsuite hostname="DESKTOP-OM0BBB8" failures="0" tests="1" name="BasicFramework.Task1" time="11.549" errors="0" timestamp="2024-11-29T10:59:48 IST" skipped="0">
  <testcase classname="BasicFramework.Task1" name="facebook" time="11.549"/>
  <system-out/>
</testsuite> <!-- BasicFramework.Task1 -->
