<?xml version="1.0" encoding="UTF-8"?>
<!-- Generated by org.testng.reporters.JUnitReportReporter -->
<testsuite hostname="DESKTOP-OM0BBB8" failures="0" tests="1" name="testNG.Assertion_testng1" time="7.125" errors="0" timestamp="2024-12-06T11:49:02 IST" skipped="0">
  <testcase classname="testNG.Assertion_testng1" name="signup" time="7.125"/>
  <system-out/>
</testsuite> <!-- testNG.Assertion_testng1 -->
