<?xml version="1.0" encoding="UTF-8"?>
<!-- Generated by org.testng.reporters.JUnitReportReporter -->
<testsuite hostname="DESKTOP-OM0BBB8" failures="0" tests="4" name="testNG.Testng5" time="0.015" errors="0" timestamp="2024-11-27T12:02:10 IST" skipped="1">
  <testcase classname="testNG.Testng5" name="signup" time="0.001"/>
  <system-out>
    <![CDATA[signup successfull]]>
  </system-out>
  <testcase classname="testNG.Testng5" name="login" time="0.012"/>
  <system-out>
    <![CDATA[login successfull]]>
  </system-out>
  <testcase classname="testNG.Testng5" name="logout" time="0.002"/>
  <system-out>
    <![CDATA[logout successfull]]>
  </system-out>
  <testcase classname="testNG.Testng5" name="homepage">
    <skipped/>
  </testcase> <!-- homepage -->
  <system-out/>
</testsuite> <!-- testNG.Testng5 -->
