<?xml version="1.0" encoding="UTF-8"?>
<!-- Generated by org.testng.reporters.JUnitReportReporter -->
<testsuite hostname="DESKTOP-OM0BBB8" failures="0" tests="1" name="BasicFramework.Testcase03" time="2.307" errors="0" timestamp="2024-11-28T12:05:07 IST" skipped="0">
  <testcase classname="BasicFramework.Testcase03" name="title" time="2.307"/>
  <system-out/>
</testsuite> <!-- BasicFramework.Testcase03 -->
