<?xml version="1.0" encoding="UTF-8"?>
<!-- Generated by org.testng.reporters.JUnitReportReporter -->
<testsuite hostname="DESKTOP-OM0BBB8" failures="0" tests="1" name="testNG.Softassert_testng" time="13.955" errors="0" timestamp="2024-12-06T11:52:44 IST" skipped="0">
  <testcase classname="testNG.Softassert_testng" name="signup" time="13.955"/>
  <system-out/>
</testsuite> <!-- testNG.Softassert_testng -->
