<?xml version="1.0" encoding="UTF-8"?>
<!-- Generated by org.testng.reporters.JUnitReportReporter -->
<testsuite hostname="DESKTOP-OM0BBB8" failures="0" tests="1" name="testNG.Testng1" time="0.020" errors="0" timestamp="2024-11-27T12:01:16 IST" skipped="0">
  <testcase classname="testNG.Testng1" name="testcase" time="0.020"/>
  <system-out>
    <![CDATA[Hello]]>
  </system-out>
</testsuite> <!-- testNG.Testng1 -->
