<?xml version="1.0" encoding="UTF-8"?>
<!-- Generated by org.testng.reporters.JUnitReportReporter -->
<testsuite hostname="DESKTOP-OM0BBB8" failures="0" tests="2" name="testNG.Testng3" time="0.016" errors="0" timestamp="2024-11-27T12:01:58 IST" skipped="0">
  <testcase classname="testNG.Testng3" name="testcase1" time="0.015"/>
  <system-out>
    <![CDATA[Hello]]>
  </system-out>
  <testcase classname="testNG.Testng3" name="testcase1" time="0.001"/>
  <system-out>
    <![CDATA[Hello]]>
  </system-out>
</testsuite> <!-- testNG.Testng3 -->
