<?xml version="1.0" encoding="UTF-8"?>
<!-- Generated by org.testng.reporters.JUnitReportReporter -->
<testsuite hostname="DESKTOP-OM0BBB8" failures="0" tests="1" name="BasicFramework.Testcase08" time="2.523" errors="0" timestamp="2024-11-28T12:06:47 IST" skipped="0">
  <testcase classname="BasicFramework.Testcase08" name="link" time="2.523"/>
  <system-out/>
</testsuite> <!-- BasicFramework.Testcase08 -->
